Timing Analyzer report for i2s-quest
Wed Dec 08 14:08:25 2021
Quartus Prime Version 20.1.1 Build 720 11/11/2020 SJ Lite Edition


---------------------
; Table of Contents ;
---------------------
  1. Legal Notice
  2. Timing Analyzer Summary
  3. Parallel Compilation
  4. Clocks
  5. Slow 1100mV 85C Model Fmax Summary
  6. Timing Closure Recommendations
  7. Slow 1100mV 85C Model Setup Summary
  8. Slow 1100mV 85C Model Hold Summary
  9. Slow 1100mV 85C Model Recovery Summary
 10. Slow 1100mV 85C Model Removal Summary
 11. Slow 1100mV 85C Model Minimum Pulse Width Summary
 12. Slow 1100mV 85C Model Metastability Summary
 13. Slow 1100mV 0C Model Fmax Summary
 14. Slow 1100mV 0C Model Setup Summary
 15. Slow 1100mV 0C Model Hold Summary
 16. Slow 1100mV 0C Model Recovery Summary
 17. Slow 1100mV 0C Model Removal Summary
 18. Slow 1100mV 0C Model Minimum Pulse Width Summary
 19. Slow 1100mV 0C Model Metastability Summary
 20. Fast 1100mV 85C Model Setup Summary
 21. Fast 1100mV 85C Model Hold Summary
 22. Fast 1100mV 85C Model Recovery Summary
 23. Fast 1100mV 85C Model Removal Summary
 24. Fast 1100mV 85C Model Minimum Pulse Width Summary
 25. Fast 1100mV 85C Model Metastability Summary
 26. Fast 1100mV 0C Model Setup Summary
 27. Fast 1100mV 0C Model Hold Summary
 28. Fast 1100mV 0C Model Recovery Summary
 29. Fast 1100mV 0C Model Removal Summary
 30. Fast 1100mV 0C Model Minimum Pulse Width Summary
 31. Fast 1100mV 0C Model Metastability Summary
 32. Multicorner Timing Analysis Summary
 33. Board Trace Model Assignments
 34. Input Transition Times
 35. Signal Integrity Metrics (Slow 1100mv 0c Model)
 36. Signal Integrity Metrics (Slow 1100mv 85c Model)
 37. Signal Integrity Metrics (Fast 1100mv 0c Model)
 38. Signal Integrity Metrics (Fast 1100mv 85c Model)
 39. Setup Transfers
 40. Hold Transfers
 41. Report TCCS
 42. Report RSKM
 43. Unconstrained Paths Summary
 44. Clock Status Summary
 45. Unconstrained Input Ports
 46. Unconstrained Output Ports
 47. Unconstrained Input Ports
 48. Unconstrained Output Ports
 49. Timing Analyzer Messages



----------------
; Legal Notice ;
----------------
Copyright (C) 2020  Intel Corporation. All rights reserved.
Your use of Intel Corporation's design tools, logic functions 
and other software and tools, and any partner logic 
functions, and any output files from any of the foregoing 
(including device programming or simulation files), and any 
associated documentation or information are expressly subject 
to the terms and conditions of the Intel Program License 
Subscription Agreement, the Intel Quartus Prime License Agreement,
the Intel FPGA IP License Agreement, or other applicable license
agreement, including, without limitation, that your use is for
the sole purpose of programming logic devices manufactured by
Intel and sold by Intel or its authorized distributors.  Please
refer to the applicable agreement for further details, at
https://fpgasoftware.intel.com/eula.



+-----------------------------------------------------------------------------+
; Timing Analyzer Summary                                                     ;
+-----------------------+-----------------------------------------------------+
; Quartus Prime Version ; Version 20.1.1 Build 720 11/11/2020 SJ Lite Edition ;
; Timing Analyzer       ; Legacy Timing Analyzer                              ;
; Revision Name         ; i2s-quest                                           ;
; Device Family         ; Cyclone V                                           ;
; Device Name           ; 5CSEMA5F31C6                                        ;
; Timing Models         ; Final                                               ;
; Delay Model           ; Combined                                            ;
; Rise/Fall Delays      ; Enabled                                             ;
+-----------------------+-----------------------------------------------------+


+------------------------------------------+
; Parallel Compilation                     ;
+----------------------------+-------------+
; Processors                 ; Number      ;
+----------------------------+-------------+
; Number detected on machine ; 8           ;
; Maximum allowed            ; 4           ;
;                            ;             ;
; Average used               ; 1.14        ;
; Maximum used               ; 4           ;
;                            ;             ;
; Usage by Processor         ; % Time Used ;
;     Processor 1            ; 100.0%      ;
;     Processor 2            ;   5.0%      ;
;     Processor 3            ;   4.8%      ;
;     Processor 4            ;   4.6%      ;
+----------------------------+-------------+


+------------------------------------------------------------------------------------------------------------------------------------------------------------------------------------------------------------------------------------------------+
; Clocks                                                                                                                                                                                                                                         ;
+----------------------------------------+------+--------+------------+-------+-------+------------+-----------+-------------+-------+--------+-----------+------------+----------+--------+--------+--------------------------------------------+
; Clock Name                             ; Type ; Period ; Frequency  ; Rise  ; Fall  ; Duty Cycle ; Divide by ; Multiply by ; Phase ; Offset ; Edge List ; Edge Shift ; Inverted ; Master ; Source ; Targets                                    ;
+----------------------------------------+------+--------+------------+-------+-------+------------+-----------+-------------+-------+--------+-----------+------------+----------+--------+--------+--------------------------------------------+
; clk                                    ; Base ; 1.000  ; 1000.0 MHz ; 0.000 ; 0.500 ;            ;           ;             ;       ;        ;           ;            ;          ;        ;        ; { clk }                                    ;
; clk_div_data:data_clk_div|clk_out      ; Base ; 1.000  ; 1000.0 MHz ; 0.000 ; 0.500 ;            ;           ;             ;       ;        ;           ;            ;          ;        ;        ; { clk_div_data:data_clk_div|clk_out }      ;
; clk_div_master:master_clk_div|count[2] ; Base ; 1.000  ; 1000.0 MHz ; 0.000 ; 0.500 ;            ;           ;             ;       ;        ;           ;            ;          ;        ;        ; { clk_div_master:master_clk_div|count[2] } ;
; data_shift:shift|ready                 ; Base ; 1.000  ; 1000.0 MHz ; 0.000 ; 0.500 ;            ;           ;             ;       ;        ;           ;            ;          ;        ;        ; { data_shift:shift|ready }                 ;
; rpi_clk                                ; Base ; 1.000  ; 1000.0 MHz ; 0.000 ; 0.500 ;            ;           ;             ;       ;        ;           ;            ;          ;        ;        ; { rpi_clk }                                ;
+----------------------------------------+------+--------+------------+-------+-------+------------+-----------+-------------+-------+--------+-----------+------------+----------+--------+--------+--------------------------------------------+


+------------------------------------------------------------------------------+
; Slow 1100mV 85C Model Fmax Summary                                           ;
+------------+-----------------+----------------------------------------+------+
; Fmax       ; Restricted Fmax ; Clock Name                             ; Note ;
+------------+-----------------+----------------------------------------+------+
; 158.08 MHz ; 158.08 MHz      ; data_shift:shift|ready                 ;      ;
; 205.38 MHz ; 205.38 MHz      ; clk                                    ;      ;
; 277.93 MHz ; 277.93 MHz      ; clk_div_data:data_clk_div|clk_out      ;      ;
; 315.96 MHz ; 315.96 MHz      ; clk_div_master:master_clk_div|count[2] ;      ;
; 372.72 MHz ; 372.72 MHz      ; rpi_clk                                ;      ;
+------------+-----------------+----------------------------------------+------+
This panel reports FMAX for every clock in the design, regardless of the user-specified clock periods.  FMAX is only computed for paths where the source and destination registers or ports are driven by the same clock.  Paths of different clocks, including generated clocks, are ignored.  For paths between a clock and its inversion, FMAX is computed as if the rising and falling edges are scaled along with FMAX, such that the duty cycle (in terms of a percentage) is maintained. Altera recommends that you always use clock constraints and other slack reports for sign-off analysis.


----------------------------------
; Timing Closure Recommendations ;
----------------------------------
HTML report is unavailable in plain text report export.


+------------------------------------------------------------------+
; Slow 1100mV 85C Model Setup Summary                              ;
+----------------------------------------+---------+---------------+
; Clock                                  ; Slack   ; End Point TNS ;
+----------------------------------------+---------+---------------+
; data_shift:shift|ready                 ; -10.117 ; -69.185       ;
; clk                                    ; -8.273  ; -40.054       ;
; clk_div_data:data_clk_div|clk_out      ; -2.598  ; -17.886       ;
; clk_div_master:master_clk_div|count[2] ; -2.165  ; -13.305       ;
; rpi_clk                                ; -1.683  ; -110.032      ;
+----------------------------------------+---------+---------------+


+----------------------------------------------------------------+
; Slow 1100mV 85C Model Hold Summary                             ;
+----------------------------------------+-------+---------------+
; Clock                                  ; Slack ; End Point TNS ;
+----------------------------------------+-------+---------------+
; rpi_clk                                ; 0.375 ; 0.000         ;
; clk                                    ; 0.383 ; 0.000         ;
; clk_div_master:master_clk_div|count[2] ; 0.508 ; 0.000         ;
; data_shift:shift|ready                 ; 0.533 ; 0.000         ;
; clk_div_data:data_clk_div|clk_out      ; 0.622 ; 0.000         ;
+----------------------------------------+-------+---------------+


------------------------------------------
; Slow 1100mV 85C Model Recovery Summary ;
------------------------------------------
No paths to report.


-----------------------------------------
; Slow 1100mV 85C Model Removal Summary ;
-----------------------------------------
No paths to report.


+-----------------------------------------------------------------+
; Slow 1100mV 85C Model Minimum Pulse Width Summary               ;
+----------------------------------------+--------+---------------+
; Clock                                  ; Slack  ; End Point TNS ;
+----------------------------------------+--------+---------------+
; clk                                    ; -0.506 ; -17.459       ;
; rpi_clk                                ; -0.394 ; -49.650       ;
; clk_div_data:data_clk_div|clk_out      ; -0.394 ; -5.992        ;
; clk_div_master:master_clk_div|count[2] ; -0.394 ; -4.175        ;
; data_shift:shift|ready                 ; -0.394 ; -3.679        ;
+----------------------------------------+--------+---------------+


-----------------------------------------------
; Slow 1100mV 85C Model Metastability Summary ;
-----------------------------------------------
No synchronizer chains to report.


+------------------------------------------------------------------------------+
; Slow 1100mV 0C Model Fmax Summary                                            ;
+------------+-----------------+----------------------------------------+------+
; Fmax       ; Restricted Fmax ; Clock Name                             ; Note ;
+------------+-----------------+----------------------------------------+------+
; 160.18 MHz ; 160.18 MHz      ; data_shift:shift|ready                 ;      ;
; 198.18 MHz ; 198.18 MHz      ; clk                                    ;      ;
; 282.33 MHz ; 282.33 MHz      ; clk_div_data:data_clk_div|clk_out      ;      ;
; 312.4 MHz  ; 312.4 MHz       ; clk_div_master:master_clk_div|count[2] ;      ;
; 374.39 MHz ; 374.39 MHz      ; rpi_clk                                ;      ;
+------------+-----------------+----------------------------------------+------+
This panel reports FMAX for every clock in the design, regardless of the user-specified clock periods.  FMAX is only computed for paths where the source and destination registers or ports are driven by the same clock.  Paths of different clocks, including generated clocks, are ignored.  For paths between a clock and its inversion, FMAX is computed as if the rising and falling edges are scaled along with FMAX, such that the duty cycle (in terms of a percentage) is maintained. Altera recommends that you always use clock constraints and other slack reports for sign-off analysis.


+------------------------------------------------------------------+
; Slow 1100mV 0C Model Setup Summary                               ;
+----------------------------------------+---------+---------------+
; Clock                                  ; Slack   ; End Point TNS ;
+----------------------------------------+---------+---------------+
; data_shift:shift|ready                 ; -10.131 ; -69.038       ;
; clk                                    ; -7.993  ; -41.131       ;
; clk_div_data:data_clk_div|clk_out      ; -2.542  ; -17.677       ;
; clk_div_master:master_clk_div|count[2] ; -2.201  ; -13.764       ;
; rpi_clk                                ; -1.671  ; -109.419      ;
+----------------------------------------+---------+---------------+


+----------------------------------------------------------------+
; Slow 1100mV 0C Model Hold Summary                              ;
+----------------------------------------+-------+---------------+
; Clock                                  ; Slack ; End Point TNS ;
+----------------------------------------+-------+---------------+
; clk                                    ; 0.335 ; 0.000         ;
; rpi_clk                                ; 0.392 ; 0.000         ;
; clk_div_master:master_clk_div|count[2] ; 0.488 ; 0.000         ;
; data_shift:shift|ready                 ; 0.564 ; 0.000         ;
; clk_div_data:data_clk_div|clk_out      ; 0.645 ; 0.000         ;
+----------------------------------------+-------+---------------+


-----------------------------------------
; Slow 1100mV 0C Model Recovery Summary ;
-----------------------------------------
No paths to report.


----------------------------------------
; Slow 1100mV 0C Model Removal Summary ;
----------------------------------------
No paths to report.


+-----------------------------------------------------------------+
; Slow 1100mV 0C Model Minimum Pulse Width Summary                ;
+----------------------------------------+--------+---------------+
; Clock                                  ; Slack  ; End Point TNS ;
+----------------------------------------+--------+---------------+
; clk                                    ; -0.548 ; -19.208       ;
; rpi_clk                                ; -0.394 ; -46.939       ;
; clk_div_data:data_clk_div|clk_out      ; -0.394 ; -5.956        ;
; clk_div_master:master_clk_div|count[2] ; -0.394 ; -4.096        ;
; data_shift:shift|ready                 ; -0.394 ; -3.700        ;
+----------------------------------------+--------+---------------+


----------------------------------------------
; Slow 1100mV 0C Model Metastability Summary ;
----------------------------------------------
No synchronizer chains to report.


+-----------------------------------------------------------------+
; Fast 1100mV 85C Model Setup Summary                             ;
+----------------------------------------+--------+---------------+
; Clock                                  ; Slack  ; End Point TNS ;
+----------------------------------------+--------+---------------+
; data_shift:shift|ready                 ; -5.277 ; -35.757       ;
; clk                                    ; -4.507 ; -14.687       ;
; clk_div_data:data_clk_div|clk_out      ; -1.355 ; -7.804        ;
; clk_div_master:master_clk_div|count[2] ; -0.964 ; -5.152        ;
; rpi_clk                                ; -0.589 ; -33.720       ;
+----------------------------------------+--------+---------------+


+----------------------------------------------------------------+
; Fast 1100mV 85C Model Hold Summary                             ;
+----------------------------------------+-------+---------------+
; Clock                                  ; Slack ; End Point TNS ;
+----------------------------------------+-------+---------------+
; clk_div_data:data_clk_div|clk_out      ; 0.121 ; 0.000         ;
; rpi_clk                                ; 0.182 ; 0.000         ;
; clk                                    ; 0.184 ; 0.000         ;
; data_shift:shift|ready                 ; 0.260 ; 0.000         ;
; clk_div_master:master_clk_div|count[2] ; 0.269 ; 0.000         ;
+----------------------------------------+-------+---------------+


------------------------------------------
; Fast 1100mV 85C Model Recovery Summary ;
------------------------------------------
No paths to report.


-----------------------------------------
; Fast 1100mV 85C Model Removal Summary ;
-----------------------------------------
No paths to report.


+-----------------------------------------------------------------+
; Fast 1100mV 85C Model Minimum Pulse Width Summary               ;
+----------------------------------------+--------+---------------+
; Clock                                  ; Slack  ; End Point TNS ;
+----------------------------------------+--------+---------------+
; clk                                    ; -0.528 ; -3.837        ;
; rpi_clk                                ; -0.342 ; -25.554       ;
; data_shift:shift|ready                 ; 0.019  ; 0.000         ;
; clk_div_data:data_clk_div|clk_out      ; 0.059  ; 0.000         ;
; clk_div_master:master_clk_div|count[2] ; 0.152  ; 0.000         ;
+----------------------------------------+--------+---------------+


-----------------------------------------------
; Fast 1100mV 85C Model Metastability Summary ;
-----------------------------------------------
No synchronizer chains to report.


+-----------------------------------------------------------------+
; Fast 1100mV 0C Model Setup Summary                              ;
+----------------------------------------+--------+---------------+
; Clock                                  ; Slack  ; End Point TNS ;
+----------------------------------------+--------+---------------+
; data_shift:shift|ready                 ; -5.031 ; -34.282       ;
; clk                                    ; -4.116 ; -12.849       ;
; clk_div_data:data_clk_div|clk_out      ; -1.185 ; -6.721        ;
; clk_div_master:master_clk_div|count[2] ; -0.853 ; -4.710        ;
; rpi_clk                                ; -0.459 ; -26.079       ;
+----------------------------------------+--------+---------------+


+----------------------------------------------------------------+
; Fast 1100mV 0C Model Hold Summary                              ;
+----------------------------------------+-------+---------------+
; Clock                                  ; Slack ; End Point TNS ;
+----------------------------------------+-------+---------------+
; clk_div_data:data_clk_div|clk_out      ; 0.058 ; 0.000         ;
; clk                                    ; 0.114 ; 0.000         ;
; rpi_clk                                ; 0.172 ; 0.000         ;
; clk_div_master:master_clk_div|count[2] ; 0.239 ; 0.000         ;
; data_shift:shift|ready                 ; 0.245 ; 0.000         ;
+----------------------------------------+-------+---------------+


-----------------------------------------
; Fast 1100mV 0C Model Recovery Summary ;
-----------------------------------------
No paths to report.


----------------------------------------
; Fast 1100mV 0C Model Removal Summary ;
----------------------------------------
No paths to report.


+-----------------------------------------------------------------+
; Fast 1100mV 0C Model Minimum Pulse Width Summary                ;
+----------------------------------------+--------+---------------+
; Clock                                  ; Slack  ; End Point TNS ;
+----------------------------------------+--------+---------------+
; clk                                    ; -0.517 ; -3.733        ;
; rpi_clk                                ; -0.334 ; -25.087       ;
; data_shift:shift|ready                 ; 0.045  ; 0.000         ;
; clk_div_data:data_clk_div|clk_out      ; 0.079  ; 0.000         ;
; clk_div_master:master_clk_div|count[2] ; 0.159  ; 0.000         ;
+----------------------------------------+--------+---------------+


----------------------------------------------
; Fast 1100mV 0C Model Metastability Summary ;
----------------------------------------------
No synchronizer chains to report.


+-------------------------------------------------------------------------------------------------------+
; Multicorner Timing Analysis Summary                                                                   ;
+-----------------------------------------+----------+-------+----------+---------+---------------------+
; Clock                                   ; Setup    ; Hold  ; Recovery ; Removal ; Minimum Pulse Width ;
+-----------------------------------------+----------+-------+----------+---------+---------------------+
; Worst-case Slack                        ; -10.131  ; 0.058 ; N/A      ; N/A     ; -0.548              ;
;  clk                                    ; -8.273   ; 0.114 ; N/A      ; N/A     ; -0.548              ;
;  clk_div_data:data_clk_div|clk_out      ; -2.598   ; 0.058 ; N/A      ; N/A     ; -0.394              ;
;  clk_div_master:master_clk_div|count[2] ; -2.201   ; 0.239 ; N/A      ; N/A     ; -0.394              ;
;  data_shift:shift|ready                 ; -10.131  ; 0.245 ; N/A      ; N/A     ; -0.394              ;
;  rpi_clk                                ; -1.683   ; 0.172 ; N/A      ; N/A     ; -0.394              ;
; Design-wide TNS                         ; -251.029 ; 0.0   ; 0.0      ; 0.0     ; -80.955             ;
;  clk                                    ; -41.131  ; 0.000 ; N/A      ; N/A     ; -19.208             ;
;  clk_div_data:data_clk_div|clk_out      ; -17.886  ; 0.000 ; N/A      ; N/A     ; -5.992              ;
;  clk_div_master:master_clk_div|count[2] ; -13.764  ; 0.000 ; N/A      ; N/A     ; -4.175              ;
;  data_shift:shift|ready                 ; -69.185  ; 0.000 ; N/A      ; N/A     ; -3.700              ;
;  rpi_clk                                ; -110.032 ; 0.000 ; N/A      ; N/A     ; -49.650             ;
+-----------------------------------------+----------+-------+----------+---------+---------------------+


+------------------------------------------------------------------------------------------------------------------------------------------------------------------------------------------------------------------------------------------------------------------------------------------------------------------------------------------------------------------------------------------------------------------+
; Board Trace Model Assignments                                                                                                                                                                                                                                                                                                                                                                                    ;
+---------------+--------------+-------------------+-------------------------+-------------------------+---------------+---------------------+----------------+------------------+--------+------------------+------------------------+------------------------+--------------+---------------+-----------------+-------+---------------------+--------------------+---------------+-----------------+-------------+
; Pin           ; I/O Standard ; Near Tline Length ; Near Tline L per Length ; Near Tline C per Length ; Near Series R ; Near Differential R ; Near Pull-up R ; Near Pull-down R ; Near C ; Far Tline Length ; Far Tline L per Length ; Far Tline C per Length ; Far Series R ; Far Pull-up R ; Far Pull-down R ; Far C ; Termination Voltage ; Far Differential R ; EBD File Name ; EBD Signal Name ; EBD Far-end ;
+---------------+--------------+-------------------+-------------------------+-------------------------+---------------+---------------------+----------------+------------------+--------+------------------+------------------------+------------------------+--------------+---------------+-----------------+-------+---------------------+--------------------+---------------+-----------------+-------------+
; rpi_interrupt ; 2.5 V        ; 0 in              ; 0 H/in                  ; 0 F/in                  ; short         ; -                   ; open           ; open             ; open   ; 0 in             ; 0 H/in                 ; 0 F/in                 ; short        ; open          ; open            ; open  ; 0 V                 ; -                  ; n/a           ; n/a             ; n/a         ;
; master        ; 2.5 V        ; 0 in              ; 0 H/in                  ; 0 F/in                  ; short         ; -                   ; open           ; open             ; open   ; 0 in             ; 0 H/in                 ; 0 F/in                 ; short        ; open          ; open            ; open  ; 0 V                 ; -                  ; n/a           ; n/a             ; n/a         ;
; lr_clk        ; 2.5 V        ; 0 in              ; 0 H/in                  ; 0 F/in                  ; short         ; -                   ; open           ; open             ; open   ; 0 in             ; 0 H/in                 ; 0 F/in                 ; short        ; open          ; open            ; open  ; 0 V                 ; -                  ; n/a           ; n/a             ; n/a         ;
; serial        ; 2.5 V        ; 0 in              ; 0 H/in                  ; 0 F/in                  ; short         ; -                   ; open           ; open             ; open   ; 0 in             ; 0 H/in                 ; 0 F/in                 ; short        ; open          ; open            ; open  ; 0 V                 ; -                  ; n/a           ; n/a             ; n/a         ;
+---------------+--------------+-------------------+-------------------------+-------------------------+---------------+---------------------+----------------+------------------+--------+------------------+------------------------+------------------------+--------------+---------------+-----------------+-------+---------------------+--------------------+---------------+-----------------+-------------+


+---------------------------------------------------------------+
; Input Transition Times                                        ;
+------------+--------------+-----------------+-----------------+
; Pin        ; I/O Standard ; 10-90 Rise Time ; 90-10 Fall Time ;
+------------+--------------+-----------------+-----------------+
; clk        ; 2.5 V        ; 2000 ps         ; 2000 ps         ;
; rpi_enable ; 2.5 V        ; 2000 ps         ; 2000 ps         ;
; rpi_serial ; 2.5 V        ; 2000 ps         ; 2000 ps         ;
; rpi_clk    ; 2.5 V        ; 2000 ps         ; 2000 ps         ;
+------------+--------------+-----------------+-----------------+


+--------------------------------------------------------------------------------------------------------------------------------------------------------------------------------------------------------------------------------------------------------------------------------------------------------------------------------------------------------------------------------------------------------------------------------------------------------------------------------------------------------------------------------------------------------------------------------------------------------------------------------------------------------------------------------------------+
; Signal Integrity Metrics (Slow 1100mv 0c Model)                                                                                                                                                                                                                                                                                                                                                                                                                                                                                                                                                                                                                                            ;
+---------------+--------------+---------------------+---------------------+------------------------------+------------------------------+---------------------+---------------------+--------------------------------------+--------------------------------------+-----------------------------+-----------------------------+----------------------------+----------------------------+-----------------------------+-----------------------------+--------------------+--------------------+-------------------------------------+-------------------------------------+----------------------------+----------------------------+---------------------------+---------------------------+
; Pin           ; I/O Standard ; Board Delay on Rise ; Board Delay on Fall ; Steady State Voh at FPGA Pin ; Steady State Vol at FPGA Pin ; Voh Max at FPGA Pin ; Vol Min at FPGA Pin ; Ringback Voltage on Rise at FPGA Pin ; Ringback Voltage on Fall at FPGA Pin ; 10-90 Rise Time at FPGA Pin ; 90-10 Fall Time at FPGA Pin ; Monotonic Rise at FPGA Pin ; Monotonic Fall at FPGA Pin ; Steady State Voh at Far-end ; Steady State Vol at Far-end ; Voh Max at Far-end ; Vol Min at Far-end ; Ringback Voltage on Rise at Far-end ; Ringback Voltage on Fall at Far-end ; 10-90 Rise Time at Far-end ; 90-10 Fall Time at Far-end ; Monotonic Rise at Far-end ; Monotonic Fall at Far-end ;
+---------------+--------------+---------------------+---------------------+------------------------------+------------------------------+---------------------+---------------------+--------------------------------------+--------------------------------------+-----------------------------+-----------------------------+----------------------------+----------------------------+-----------------------------+-----------------------------+--------------------+--------------------+-------------------------------------+-------------------------------------+----------------------------+----------------------------+---------------------------+---------------------------+
; rpi_interrupt ; 2.5 V        ; 0 s                 ; 0 s                 ; 2.32 V                       ; 3.07e-07 V                   ; 2.36 V              ; -0.0231 V           ; 0.14 V                               ; 0.089 V                              ; 4.52e-10 s                  ; 4.35e-10 s                  ; No                         ; Yes                        ; 2.32 V                      ; 3.07e-07 V                  ; 2.36 V             ; -0.0231 V          ; 0.14 V                              ; 0.089 V                             ; 4.52e-10 s                 ; 4.35e-10 s                 ; No                        ; Yes                       ;
; master        ; 2.5 V        ; 0 s                 ; 0 s                 ; 2.32 V                       ; 3.6e-07 V                    ; 2.41 V              ; -0.0463 V           ; 0.201 V                              ; 0.131 V                              ; 4.61e-10 s                  ; 4.53e-10 s                  ; No                         ; Yes                        ; 2.32 V                      ; 3.6e-07 V                   ; 2.41 V             ; -0.0463 V          ; 0.201 V                             ; 0.131 V                             ; 4.61e-10 s                 ; 4.53e-10 s                 ; No                        ; Yes                       ;
; lr_clk        ; 2.5 V        ; 0 s                 ; 0 s                 ; 2.32 V                       ; 3.6e-07 V                    ; 2.41 V              ; -0.0463 V           ; 0.201 V                              ; 0.131 V                              ; 4.61e-10 s                  ; 4.53e-10 s                  ; No                         ; Yes                        ; 2.32 V                      ; 3.6e-07 V                   ; 2.41 V             ; -0.0463 V          ; 0.201 V                             ; 0.131 V                             ; 4.61e-10 s                 ; 4.53e-10 s                 ; No                        ; Yes                       ;
; serial        ; 2.5 V        ; 0 s                 ; 0 s                 ; 2.32 V                       ; 3.07e-07 V                   ; 2.36 V              ; -0.0231 V           ; 0.14 V                               ; 0.089 V                              ; 4.52e-10 s                  ; 4.35e-10 s                  ; No                         ; Yes                        ; 2.32 V                      ; 3.07e-07 V                  ; 2.36 V             ; -0.0231 V          ; 0.14 V                              ; 0.089 V                             ; 4.52e-10 s                 ; 4.35e-10 s                 ; No                        ; Yes                       ;
+---------------+--------------+---------------------+---------------------+------------------------------+------------------------------+---------------------+---------------------+--------------------------------------+--------------------------------------+-----------------------------+-----------------------------+----------------------------+----------------------------+-----------------------------+-----------------------------+--------------------+--------------------+-------------------------------------+-------------------------------------+----------------------------+----------------------------+---------------------------+---------------------------+


+--------------------------------------------------------------------------------------------------------------------------------------------------------------------------------------------------------------------------------------------------------------------------------------------------------------------------------------------------------------------------------------------------------------------------------------------------------------------------------------------------------------------------------------------------------------------------------------------------------------------------------------------------------------------------------------------+
; Signal Integrity Metrics (Slow 1100mv 85c Model)                                                                                                                                                                                                                                                                                                                                                                                                                                                                                                                                                                                                                                           ;
+---------------+--------------+---------------------+---------------------+------------------------------+------------------------------+---------------------+---------------------+--------------------------------------+--------------------------------------+-----------------------------+-----------------------------+----------------------------+----------------------------+-----------------------------+-----------------------------+--------------------+--------------------+-------------------------------------+-------------------------------------+----------------------------+----------------------------+---------------------------+---------------------------+
; Pin           ; I/O Standard ; Board Delay on Rise ; Board Delay on Fall ; Steady State Voh at FPGA Pin ; Steady State Vol at FPGA Pin ; Voh Max at FPGA Pin ; Vol Min at FPGA Pin ; Ringback Voltage on Rise at FPGA Pin ; Ringback Voltage on Fall at FPGA Pin ; 10-90 Rise Time at FPGA Pin ; 90-10 Fall Time at FPGA Pin ; Monotonic Rise at FPGA Pin ; Monotonic Fall at FPGA Pin ; Steady State Voh at Far-end ; Steady State Vol at Far-end ; Voh Max at Far-end ; Vol Min at Far-end ; Ringback Voltage on Rise at Far-end ; Ringback Voltage on Fall at Far-end ; 10-90 Rise Time at Far-end ; 90-10 Fall Time at Far-end ; Monotonic Rise at Far-end ; Monotonic Fall at Far-end ;
+---------------+--------------+---------------------+---------------------+------------------------------+------------------------------+---------------------+---------------------+--------------------------------------+--------------------------------------+-----------------------------+-----------------------------+----------------------------+----------------------------+-----------------------------+-----------------------------+--------------------+--------------------+-------------------------------------+-------------------------------------+----------------------------+----------------------------+---------------------------+---------------------------+
; rpi_interrupt ; 2.5 V        ; 0 s                 ; 0 s                 ; 2.32 V                       ; 3.49e-05 V                   ; 2.34 V              ; -0.0118 V           ; 0.182 V                              ; 0.051 V                              ; 4.81e-10 s                  ; 4.83e-10 s                  ; Yes                        ; Yes                        ; 2.32 V                      ; 3.49e-05 V                  ; 2.34 V             ; -0.0118 V          ; 0.182 V                             ; 0.051 V                             ; 4.81e-10 s                 ; 4.83e-10 s                 ; Yes                       ; Yes                       ;
; master        ; 2.5 V        ; 0 s                 ; 0 s                 ; 2.32 V                       ; 3.96e-05 V                   ; 2.38 V              ; -0.0306 V           ; 0.23 V                               ; 0.206 V                              ; 4.83e-10 s                  ; 5.01e-10 s                  ; No                         ; Yes                        ; 2.32 V                      ; 3.96e-05 V                  ; 2.38 V             ; -0.0306 V          ; 0.23 V                              ; 0.206 V                             ; 4.83e-10 s                 ; 5.01e-10 s                 ; No                        ; Yes                       ;
; lr_clk        ; 2.5 V        ; 0 s                 ; 0 s                 ; 2.32 V                       ; 3.96e-05 V                   ; 2.38 V              ; -0.0306 V           ; 0.23 V                               ; 0.206 V                              ; 4.83e-10 s                  ; 5.01e-10 s                  ; No                         ; Yes                        ; 2.32 V                      ; 3.96e-05 V                  ; 2.38 V             ; -0.0306 V          ; 0.23 V                              ; 0.206 V                             ; 4.83e-10 s                 ; 5.01e-10 s                 ; No                        ; Yes                       ;
; serial        ; 2.5 V        ; 0 s                 ; 0 s                 ; 2.32 V                       ; 3.49e-05 V                   ; 2.34 V              ; -0.0118 V           ; 0.182 V                              ; 0.051 V                              ; 4.81e-10 s                  ; 4.83e-10 s                  ; Yes                        ; Yes                        ; 2.32 V                      ; 3.49e-05 V                  ; 2.34 V             ; -0.0118 V          ; 0.182 V                             ; 0.051 V                             ; 4.81e-10 s                 ; 4.83e-10 s                 ; Yes                       ; Yes                       ;
+---------------+--------------+---------------------+---------------------+------------------------------+------------------------------+---------------------+---------------------+--------------------------------------+--------------------------------------+-----------------------------+-----------------------------+----------------------------+----------------------------+-----------------------------+-----------------------------+--------------------+--------------------+-------------------------------------+-------------------------------------+----------------------------+----------------------------+---------------------------+---------------------------+


+--------------------------------------------------------------------------------------------------------------------------------------------------------------------------------------------------------------------------------------------------------------------------------------------------------------------------------------------------------------------------------------------------------------------------------------------------------------------------------------------------------------------------------------------------------------------------------------------------------------------------------------------------------------------------------------------+
; Signal Integrity Metrics (Fast 1100mv 0c Model)                                                                                                                                                                                                                                                                                                                                                                                                                                                                                                                                                                                                                                            ;
+---------------+--------------+---------------------+---------------------+------------------------------+------------------------------+---------------------+---------------------+--------------------------------------+--------------------------------------+-----------------------------+-----------------------------+----------------------------+----------------------------+-----------------------------+-----------------------------+--------------------+--------------------+-------------------------------------+-------------------------------------+----------------------------+----------------------------+---------------------------+---------------------------+
; Pin           ; I/O Standard ; Board Delay on Rise ; Board Delay on Fall ; Steady State Voh at FPGA Pin ; Steady State Vol at FPGA Pin ; Voh Max at FPGA Pin ; Vol Min at FPGA Pin ; Ringback Voltage on Rise at FPGA Pin ; Ringback Voltage on Fall at FPGA Pin ; 10-90 Rise Time at FPGA Pin ; 90-10 Fall Time at FPGA Pin ; Monotonic Rise at FPGA Pin ; Monotonic Fall at FPGA Pin ; Steady State Voh at Far-end ; Steady State Vol at Far-end ; Voh Max at Far-end ; Vol Min at Far-end ; Ringback Voltage on Rise at Far-end ; Ringback Voltage on Fall at Far-end ; 10-90 Rise Time at Far-end ; 90-10 Fall Time at Far-end ; Monotonic Rise at Far-end ; Monotonic Fall at Far-end ;
+---------------+--------------+---------------------+---------------------+------------------------------+------------------------------+---------------------+---------------------+--------------------------------------+--------------------------------------+-----------------------------+-----------------------------+----------------------------+----------------------------+-----------------------------+-----------------------------+--------------------+--------------------+-------------------------------------+-------------------------------------+----------------------------+----------------------------+---------------------------+---------------------------+
; rpi_interrupt ; 2.5 V        ; 0 s                 ; 0 s                 ; 2.75 V                       ; 3.54e-06 V                   ; 2.81 V              ; -0.0578 V           ; 0.303 V                              ; 0.28 V                               ; 2.93e-10 s                  ; 3.01e-10 s                  ; No                         ; No                         ; 2.75 V                      ; 3.54e-06 V                  ; 2.81 V             ; -0.0578 V          ; 0.303 V                             ; 0.28 V                              ; 2.93e-10 s                 ; 3.01e-10 s                 ; No                        ; No                        ;
; master        ; 2.5 V        ; 0 s                 ; 0 s                 ; 2.75 V                       ; 4.25e-06 V                   ; 2.9 V               ; -0.107 V            ; 0.378 V                              ; 0.16 V                               ; 2.87e-10 s                  ; 4.28e-10 s                  ; No                         ; No                         ; 2.75 V                      ; 4.25e-06 V                  ; 2.9 V              ; -0.107 V           ; 0.378 V                             ; 0.16 V                              ; 2.87e-10 s                 ; 4.28e-10 s                 ; No                        ; No                        ;
; lr_clk        ; 2.5 V        ; 0 s                 ; 0 s                 ; 2.75 V                       ; 4.25e-06 V                   ; 2.9 V               ; -0.107 V            ; 0.378 V                              ; 0.16 V                               ; 2.87e-10 s                  ; 4.28e-10 s                  ; No                         ; No                         ; 2.75 V                      ; 4.25e-06 V                  ; 2.9 V              ; -0.107 V           ; 0.378 V                             ; 0.16 V                              ; 2.87e-10 s                 ; 4.28e-10 s                 ; No                        ; No                        ;
; serial        ; 2.5 V        ; 0 s                 ; 0 s                 ; 2.75 V                       ; 3.54e-06 V                   ; 2.81 V              ; -0.0578 V           ; 0.303 V                              ; 0.28 V                               ; 2.93e-10 s                  ; 3.01e-10 s                  ; No                         ; No                         ; 2.75 V                      ; 3.54e-06 V                  ; 2.81 V             ; -0.0578 V          ; 0.303 V                             ; 0.28 V                              ; 2.93e-10 s                 ; 3.01e-10 s                 ; No                        ; No                        ;
+---------------+--------------+---------------------+---------------------+------------------------------+------------------------------+---------------------+---------------------+--------------------------------------+--------------------------------------+-----------------------------+-----------------------------+----------------------------+----------------------------+-----------------------------+-----------------------------+--------------------+--------------------+-------------------------------------+-------------------------------------+----------------------------+----------------------------+---------------------------+---------------------------+


+--------------------------------------------------------------------------------------------------------------------------------------------------------------------------------------------------------------------------------------------------------------------------------------------------------------------------------------------------------------------------------------------------------------------------------------------------------------------------------------------------------------------------------------------------------------------------------------------------------------------------------------------------------------------------------------------+
; Signal Integrity Metrics (Fast 1100mv 85c Model)                                                                                                                                                                                                                                                                                                                                                                                                                                                                                                                                                                                                                                           ;
+---------------+--------------+---------------------+---------------------+------------------------------+------------------------------+---------------------+---------------------+--------------------------------------+--------------------------------------+-----------------------------+-----------------------------+----------------------------+----------------------------+-----------------------------+-----------------------------+--------------------+--------------------+-------------------------------------+-------------------------------------+----------------------------+----------------------------+---------------------------+---------------------------+
; Pin           ; I/O Standard ; Board Delay on Rise ; Board Delay on Fall ; Steady State Voh at FPGA Pin ; Steady State Vol at FPGA Pin ; Voh Max at FPGA Pin ; Vol Min at FPGA Pin ; Ringback Voltage on Rise at FPGA Pin ; Ringback Voltage on Fall at FPGA Pin ; 10-90 Rise Time at FPGA Pin ; 90-10 Fall Time at FPGA Pin ; Monotonic Rise at FPGA Pin ; Monotonic Fall at FPGA Pin ; Steady State Voh at Far-end ; Steady State Vol at Far-end ; Voh Max at Far-end ; Vol Min at Far-end ; Ringback Voltage on Rise at Far-end ; Ringback Voltage on Fall at Far-end ; 10-90 Rise Time at Far-end ; 90-10 Fall Time at Far-end ; Monotonic Rise at Far-end ; Monotonic Fall at Far-end ;
+---------------+--------------+---------------------+---------------------+------------------------------+------------------------------+---------------------+---------------------+--------------------------------------+--------------------------------------+-----------------------------+-----------------------------+----------------------------+----------------------------+-----------------------------+-----------------------------+--------------------+--------------------+-------------------------------------+-------------------------------------+----------------------------+----------------------------+---------------------------+---------------------------+
; rpi_interrupt ; 2.5 V        ; 0 s                 ; 0 s                 ; 2.75 V                       ; 0.000213 V                   ; 2.79 V              ; -0.0324 V           ; 0.139 V                              ; 0.119 V                              ; 4.42e-10 s                  ; 4.33e-10 s                  ; No                         ; Yes                        ; 2.75 V                      ; 0.000213 V                  ; 2.79 V             ; -0.0324 V          ; 0.139 V                             ; 0.119 V                             ; 4.42e-10 s                 ; 4.33e-10 s                 ; No                        ; Yes                       ;
; master        ; 2.5 V        ; 0 s                 ; 0 s                 ; 2.75 V                       ; 0.000247 V                   ; 2.85 V              ; -0.0711 V           ; 0.204 V                              ; 0.181 V                              ; 4.55e-10 s                  ; 4.49e-10 s                  ; No                         ; No                         ; 2.75 V                      ; 0.000247 V                  ; 2.85 V             ; -0.0711 V          ; 0.204 V                             ; 0.181 V                             ; 4.55e-10 s                 ; 4.49e-10 s                 ; No                        ; No                        ;
; lr_clk        ; 2.5 V        ; 0 s                 ; 0 s                 ; 2.75 V                       ; 0.000247 V                   ; 2.85 V              ; -0.0711 V           ; 0.204 V                              ; 0.181 V                              ; 4.55e-10 s                  ; 4.49e-10 s                  ; No                         ; No                         ; 2.75 V                      ; 0.000247 V                  ; 2.85 V             ; -0.0711 V          ; 0.204 V                             ; 0.181 V                             ; 4.55e-10 s                 ; 4.49e-10 s                 ; No                        ; No                        ;
; serial        ; 2.5 V        ; 0 s                 ; 0 s                 ; 2.75 V                       ; 0.000213 V                   ; 2.79 V              ; -0.0324 V           ; 0.139 V                              ; 0.119 V                              ; 4.42e-10 s                  ; 4.33e-10 s                  ; No                         ; Yes                        ; 2.75 V                      ; 0.000213 V                  ; 2.79 V             ; -0.0324 V          ; 0.139 V                             ; 0.119 V                             ; 4.42e-10 s                 ; 4.33e-10 s                 ; No                        ; Yes                       ;
+---------------+--------------+---------------------+---------------------+------------------------------+------------------------------+---------------------+---------------------+--------------------------------------+--------------------------------------+-----------------------------+-----------------------------+----------------------------+----------------------------+-----------------------------+-----------------------------+--------------------+--------------------+-------------------------------------+-------------------------------------+----------------------------+----------------------------+---------------------------+---------------------------+


+-----------------------------------------------------------------------------------------------------------------------------+
; Setup Transfers                                                                                                             ;
+----------------------------------------+----------------------------------------+----------+----------+----------+----------+
; From Clock                             ; To Clock                               ; RR Paths ; FR Paths ; RF Paths ; FF Paths ;
+----------------------------------------+----------------------------------------+----------+----------+----------+----------+
; clk                                    ; clk                                    ; 226      ; 0        ; 0        ; 0        ;
; clk_div_data:data_clk_div|clk_out      ; clk                                    ; 1        ; 1        ; 0        ; 0        ;
; clk_div_master:master_clk_div|count[2] ; clk                                    ; 1        ; 1        ; 0        ; 0        ;
; data_shift:shift|ready                 ; clk                                    ; 10       ; 0        ; 0        ; 0        ;
; rpi_clk                                ; clk                                    ; 10       ; 0        ; 0        ; 0        ;
; clk_div_data:data_clk_div|clk_out      ; clk_div_data:data_clk_div|clk_out      ; 51       ; 0        ; 0        ; 0        ;
; data_shift:shift|ready                 ; clk_div_data:data_clk_div|clk_out      ; 2        ; 1        ; 0        ; 0        ;
; clk_div_master:master_clk_div|count[2] ; clk_div_master:master_clk_div|count[2] ; 36       ; 0        ; 0        ; 0        ;
; data_shift:shift|ready                 ; data_shift:shift|ready                 ; 315      ; 0        ; 0        ; 0        ;
; rpi_clk                                ; data_shift:shift|ready                 ; 316      ; 0        ; 0        ; 0        ;
; rpi_clk                                ; rpi_clk                                ; 841      ; 0        ; 0        ; 0        ;
+----------------------------------------+----------------------------------------+----------+----------+----------+----------+
Entries labeled "false path" only account for clock-to-clock false paths and not path-based false paths. As a result, actual path counts may be lower than reported.


+-----------------------------------------------------------------------------------------------------------------------------+
; Hold Transfers                                                                                                              ;
+----------------------------------------+----------------------------------------+----------+----------+----------+----------+
; From Clock                             ; To Clock                               ; RR Paths ; FR Paths ; RF Paths ; FF Paths ;
+----------------------------------------+----------------------------------------+----------+----------+----------+----------+
; clk                                    ; clk                                    ; 226      ; 0        ; 0        ; 0        ;
; clk_div_data:data_clk_div|clk_out      ; clk                                    ; 1        ; 1        ; 0        ; 0        ;
; clk_div_master:master_clk_div|count[2] ; clk                                    ; 1        ; 1        ; 0        ; 0        ;
; data_shift:shift|ready                 ; clk                                    ; 10       ; 0        ; 0        ; 0        ;
; rpi_clk                                ; clk                                    ; 10       ; 0        ; 0        ; 0        ;
; clk_div_data:data_clk_div|clk_out      ; clk_div_data:data_clk_div|clk_out      ; 51       ; 0        ; 0        ; 0        ;
; data_shift:shift|ready                 ; clk_div_data:data_clk_div|clk_out      ; 2        ; 1        ; 0        ; 0        ;
; clk_div_master:master_clk_div|count[2] ; clk_div_master:master_clk_div|count[2] ; 36       ; 0        ; 0        ; 0        ;
; data_shift:shift|ready                 ; data_shift:shift|ready                 ; 315      ; 0        ; 0        ; 0        ;
; rpi_clk                                ; data_shift:shift|ready                 ; 316      ; 0        ; 0        ; 0        ;
; rpi_clk                                ; rpi_clk                                ; 841      ; 0        ; 0        ; 0        ;
+----------------------------------------+----------------------------------------+----------+----------+----------+----------+
Entries labeled "false path" only account for clock-to-clock false paths and not path-based false paths. As a result, actual path counts may be lower than reported.


---------------
; Report TCCS ;
---------------
No dedicated SERDES Transmitter circuitry present in device or used in design


---------------
; Report RSKM ;
---------------
No non-DPA dedicated SERDES Receiver circuitry present in device or used in design


+------------------------------------------------+
; Unconstrained Paths Summary                    ;
+---------------------------------+-------+------+
; Property                        ; Setup ; Hold ;
+---------------------------------+-------+------+
; Illegal Clocks                  ; 0     ; 0    ;
; Unconstrained Clocks            ; 0     ; 0    ;
; Unconstrained Input Ports       ; 2     ; 2    ;
; Unconstrained Input Port Paths  ; 140   ; 140  ;
; Unconstrained Output Ports      ; 4     ; 4    ;
; Unconstrained Output Port Paths ; 4     ; 4    ;
+---------------------------------+-------+------+


+------------------------------------------------------------------------------------------------------+
; Clock Status Summary                                                                                 ;
+----------------------------------------+----------------------------------------+------+-------------+
; Target                                 ; Clock                                  ; Type ; Status      ;
+----------------------------------------+----------------------------------------+------+-------------+
; clk                                    ; clk                                    ; Base ; Constrained ;
; clk_div_data:data_clk_div|clk_out      ; clk_div_data:data_clk_div|clk_out      ; Base ; Constrained ;
; clk_div_master:master_clk_div|count[2] ; clk_div_master:master_clk_div|count[2] ; Base ; Constrained ;
; data_shift:shift|ready                 ; data_shift:shift|ready                 ; Base ; Constrained ;
; rpi_clk                                ; rpi_clk                                ; Base ; Constrained ;
+----------------------------------------+----------------------------------------+------+-------------+


+---------------------------------------------------------------------------------------------------+
; Unconstrained Input Ports                                                                         ;
+------------+--------------------------------------------------------------------------------------+
; Input Port ; Comment                                                                              ;
+------------+--------------------------------------------------------------------------------------+
; rpi_enable ; No input delay, min/max delays, false-path exceptions, or max skew assignments found ;
; rpi_serial ; No input delay, min/max delays, false-path exceptions, or max skew assignments found ;
+------------+--------------------------------------------------------------------------------------+


+-------------------------------------------------------------------------------------------------------+
; Unconstrained Output Ports                                                                            ;
+---------------+---------------------------------------------------------------------------------------+
; Output Port   ; Comment                                                                               ;
+---------------+---------------------------------------------------------------------------------------+
; lr_clk        ; No output delay, min/max delays, false-path exceptions, or max skew assignments found ;
; master        ; No output delay, min/max delays, false-path exceptions, or max skew assignments found ;
; rpi_interrupt ; No output delay, min/max delays, false-path exceptions, or max skew assignments found ;
; serial        ; No output delay, min/max delays, false-path exceptions, or max skew assignments found ;
+---------------+---------------------------------------------------------------------------------------+


+---------------------------------------------------------------------------------------------------+
; Unconstrained Input Ports                                                                         ;
+------------+--------------------------------------------------------------------------------------+
; Input Port ; Comment                                                                              ;
+------------+--------------------------------------------------------------------------------------+
; rpi_enable ; No input delay, min/max delays, false-path exceptions, or max skew assignments found ;
; rpi_serial ; No input delay, min/max delays, false-path exceptions, or max skew assignments found ;
+------------+--------------------------------------------------------------------------------------+


+-------------------------------------------------------------------------------------------------------+
; Unconstrained Output Ports                                                                            ;
+---------------+---------------------------------------------------------------------------------------+
; Output Port   ; Comment                                                                               ;
+---------------+---------------------------------------------------------------------------------------+
; lr_clk        ; No output delay, min/max delays, false-path exceptions, or max skew assignments found ;
; master        ; No output delay, min/max delays, false-path exceptions, or max skew assignments found ;
; rpi_interrupt ; No output delay, min/max delays, false-path exceptions, or max skew assignments found ;
; serial        ; No output delay, min/max delays, false-path exceptions, or max skew assignments found ;
+---------------+---------------------------------------------------------------------------------------+


+--------------------------+
; Timing Analyzer Messages ;
+--------------------------+
Info: *******************************************************************
Info: Running Quartus Prime Timing Analyzer
    Info: Version 20.1.1 Build 720 11/11/2020 SJ Lite Edition
    Info: Processing started: Wed Dec 08 14:08:20 2021
Info: Command: quartus_sta i2s-quest -c i2s-quest
Info: qsta_default_script.tcl version: #1
Warning (18236): Number of processors has not been specified which may cause overloading on shared machines.  Set the global assignment NUM_PARALLEL_PROCESSORS in your QSF to an appropriate value for best performance.
Info (20030): Parallel compilation is enabled and will use 4 of the 4 processors detected
Info (21077): Low junction temperature is 0 degrees C
Info (21077): High junction temperature is 85 degrees C
Critical Warning (332012): Synopsys Design Constraints File file not found: 'i2s-quest.sdc'. A Synopsys Design Constraints File is required by the Timing Analyzer to get proper timing constraints. Without it, the Compiler will not properly optimize the design.
Info (332142): No user constrained base clocks found in the design. Calling "derive_clocks -period 1.0"
Info (332105): Deriving Clocks
    Info (332105): create_clock -period 1.000 -name clk clk
    Info (332105): create_clock -period 1.000 -name data_shift:shift|ready data_shift:shift|ready
    Info (332105): create_clock -period 1.000 -name clk_div_data:data_clk_div|clk_out clk_div_data:data_clk_div|clk_out
    Info (332105): create_clock -period 1.000 -name rpi_clk rpi_clk
    Info (332105): create_clock -period 1.000 -name clk_div_master:master_clk_div|count[2] clk_div_master:master_clk_div|count[2]
Info (332143): No user constrained clock uncertainty found in the design. Calling "derive_clock_uncertainty"
Info (332123): Deriving Clock Uncertainty. Please refer to report_sdc in the Timing Analyzer to see clock uncertainties.
Info: Found TIMING_ANALYZER_REPORT_SCRIPT_INCLUDE_DEFAULT_ANALYSIS = ON
Info: Analyzing Slow 1100mV 85C Model
Critical Warning (332148): Timing requirements not met
    Info (11105): For recommendations on closing timing, run Report Timing Closure Recommendations in the Timing Analyzer.
Info (332146): Worst-case setup slack is -10.117
    Info (332119):     Slack       End Point TNS Clock 
    Info (332119): ========= =================== =====================
    Info (332119):   -10.117             -69.185 data_shift:shift|ready 
    Info (332119):    -8.273             -40.054 clk 
    Info (332119):    -2.598             -17.886 clk_div_data:data_clk_div|clk_out 
    Info (332119):    -2.165             -13.305 clk_div_master:master_clk_div|count[2] 
    Info (332119):    -1.683            -110.032 rpi_clk 
Info (332146): Worst-case hold slack is 0.375
    Info (332119):     Slack       End Point TNS Clock 
    Info (332119): ========= =================== =====================
    Info (332119):     0.375               0.000 rpi_clk 
    Info (332119):     0.383               0.000 clk 
    Info (332119):     0.508               0.000 clk_div_master:master_clk_div|count[2] 
    Info (332119):     0.533               0.000 data_shift:shift|ready 
    Info (332119):     0.622               0.000 clk_div_data:data_clk_div|clk_out 
Info (332140): No Recovery paths to report
Info (332140): No Removal paths to report
Info (332146): Worst-case minimum pulse width slack is -0.506
    Info (332119):     Slack       End Point TNS Clock 
    Info (332119): ========= =================== =====================
    Info (332119):    -0.506             -17.459 clk 
    Info (332119):    -0.394             -49.650 rpi_clk 
    Info (332119):    -0.394              -5.992 clk_div_data:data_clk_div|clk_out 
    Info (332119):    -0.394              -4.175 clk_div_master:master_clk_div|count[2] 
    Info (332119):    -0.394              -3.679 data_shift:shift|ready 
Info: Analyzing Slow 1100mV 0C Model
Info (334003): Started post-fitting delay annotation
Info (334004): Delay annotation completed successfully
Info (332123): Deriving Clock Uncertainty. Please refer to report_sdc in the Timing Analyzer to see clock uncertainties.
Critical Warning (332148): Timing requirements not met
    Info (11105): For recommendations on closing timing, run Report Timing Closure Recommendations in the Timing Analyzer.
Info (332146): Worst-case setup slack is -10.131
    Info (332119):     Slack       End Point TNS Clock 
    Info (332119): ========= =================== =====================
    Info (332119):   -10.131             -69.038 data_shift:shift|ready 
    Info (332119):    -7.993             -41.131 clk 
    Info (332119):    -2.542             -17.677 clk_div_data:data_clk_div|clk_out 
    Info (332119):    -2.201             -13.764 clk_div_master:master_clk_div|count[2] 
    Info (332119):    -1.671            -109.419 rpi_clk 
Info (332146): Worst-case hold slack is 0.335
    Info (332119):     Slack       End Point TNS Clock 
    Info (332119): ========= =================== =====================
    Info (332119):     0.335               0.000 clk 
    Info (332119):     0.392               0.000 rpi_clk 
    Info (332119):     0.488               0.000 clk_div_master:master_clk_div|count[2] 
    Info (332119):     0.564               0.000 data_shift:shift|ready 
    Info (332119):     0.645               0.000 clk_div_data:data_clk_div|clk_out 
Info (332140): No Recovery paths to report
Info (332140): No Removal paths to report
Info (332146): Worst-case minimum pulse width slack is -0.548
    Info (332119):     Slack       End Point TNS Clock 
    Info (332119): ========= =================== =====================
    Info (332119):    -0.548             -19.208 clk 
    Info (332119):    -0.394             -46.939 rpi_clk 
    Info (332119):    -0.394              -5.956 clk_div_data:data_clk_div|clk_out 
    Info (332119):    -0.394              -4.096 clk_div_master:master_clk_div|count[2] 
    Info (332119):    -0.394              -3.700 data_shift:shift|ready 
Info: Analyzing Fast 1100mV 85C Model
Info (334003): Started post-fitting delay annotation
Info (334004): Delay annotation completed successfully
Info (332123): Deriving Clock Uncertainty. Please refer to report_sdc in the Timing Analyzer to see clock uncertainties.
Critical Warning (332148): Timing requirements not met
    Info (11105): For recommendations on closing timing, run Report Timing Closure Recommendations in the Timing Analyzer.
Info (332146): Worst-case setup slack is -5.277
    Info (332119):     Slack       End Point TNS Clock 
    Info (332119): ========= =================== =====================
    Info (332119):    -5.277             -35.757 data_shift:shift|ready 
    Info (332119):    -4.507             -14.687 clk 
    Info (332119):    -1.355              -7.804 clk_div_data:data_clk_div|clk_out 
    Info (332119):    -0.964              -5.152 clk_div_master:master_clk_div|count[2] 
    Info (332119):    -0.589             -33.720 rpi_clk 
Info (332146): Worst-case hold slack is 0.121
    Info (332119):     Slack       End Point TNS Clock 
    Info (332119): ========= =================== =====================
    Info (332119):     0.121               0.000 clk_div_data:data_clk_div|clk_out 
    Info (332119):     0.182               0.000 rpi_clk 
    Info (332119):     0.184               0.000 clk 
    Info (332119):     0.260               0.000 data_shift:shift|ready 
    Info (332119):     0.269               0.000 clk_div_master:master_clk_div|count[2] 
Info (332140): No Recovery paths to report
Info (332140): No Removal paths to report
Info (332146): Worst-case minimum pulse width slack is -0.528
    Info (332119):     Slack       End Point TNS Clock 
    Info (332119): ========= =================== =====================
    Info (332119):    -0.528              -3.837 clk 
    Info (332119):    -0.342             -25.554 rpi_clk 
    Info (332119):     0.019               0.000 data_shift:shift|ready 
    Info (332119):     0.059               0.000 clk_div_data:data_clk_div|clk_out 
    Info (332119):     0.152               0.000 clk_div_master:master_clk_div|count[2] 
Info: Analyzing Fast 1100mV 0C Model
Info (332123): Deriving Clock Uncertainty. Please refer to report_sdc in the Timing Analyzer to see clock uncertainties.
Critical Warning (332148): Timing requirements not met
    Info (11105): For recommendations on closing timing, run Report Timing Closure Recommendations in the Timing Analyzer.
Info (332146): Worst-case setup slack is -5.031
    Info (332119):     Slack       End Point TNS Clock 
    Info (332119): ========= =================== =====================
    Info (332119):    -5.031             -34.282 data_shift:shift|ready 
    Info (332119):    -4.116             -12.849 clk 
    Info (332119):    -1.185              -6.721 clk_div_data:data_clk_div|clk_out 
    Info (332119):    -0.853              -4.710 clk_div_master:master_clk_div|count[2] 
    Info (332119):    -0.459             -26.079 rpi_clk 
Info (332146): Worst-case hold slack is 0.058
    Info (332119):     Slack       End Point TNS Clock 
    Info (332119): ========= =================== =====================
    Info (332119):     0.058               0.000 clk_div_data:data_clk_div|clk_out 
    Info (332119):     0.114               0.000 clk 
    Info (332119):     0.172               0.000 rpi_clk 
    Info (332119):     0.239               0.000 clk_div_master:master_clk_div|count[2] 
    Info (332119):     0.245               0.000 data_shift:shift|ready 
Info (332140): No Recovery paths to report
Info (332140): No Removal paths to report
Info (332146): Worst-case minimum pulse width slack is -0.517
    Info (332119):     Slack       End Point TNS Clock 
    Info (332119): ========= =================== =====================
    Info (332119):    -0.517              -3.733 clk 
    Info (332119):    -0.334             -25.087 rpi_clk 
    Info (332119):     0.045               0.000 data_shift:shift|ready 
    Info (332119):     0.079               0.000 clk_div_data:data_clk_div|clk_out 
    Info (332119):     0.159               0.000 clk_div_master:master_clk_div|count[2] 
Info (332102): Design is not fully constrained for setup requirements
Info (332102): Design is not fully constrained for hold requirements
Info: Quartus Prime Timing Analyzer was successful. 0 errors, 6 warnings
    Info: Peak virtual memory: 5144 megabytes
    Info: Processing ended: Wed Dec 08 14:08:25 2021
    Info: Elapsed time: 00:00:05
    Info: Total CPU time (on all processors): 00:00:05


